Using pre-set license
Built from '2020.3/staging' branch; Version is '2020.3.0f1 (c7b5465681fb) revision 13088070'; Using compiler version '192528614'; Build Type 'Release'
OS: 'Windows 10 Pro; OS build 19043.1348; Version 2009; 64bit' Language: 'fr' Physical Memory: 16227 MB
BatchMode: 1, IsHumanControllingUs: 0, StartBugReporterOnCrash: 0, Is64bit: 1, IsPro: 0

 COMMAND LINE ARGUMENTS:
E:\Unity\Hub\Editor\2020.3.0f1\Editor\Unity.exe
-adb2
-batchMode
-noUpm
-name
AssetImportWorker0
-projectPath
E:/Session 5 (Automne 2021)/Jeux Videos/PFI/SomePackages(Kyle)
-logFile
Logs/AssetImportWorker0.log
-srvPort
51151
Successfully changed project path to: E:/Session 5 (Automne 2021)/Jeux Videos/PFI/SomePackages(Kyle)
E:/Session 5 (Automne 2021)/Jeux Videos/PFI/SomePackages(Kyle)
Using Asset Import Pipeline V2.
Refreshing native plugins compatible for Editor in 25.99 ms, found 0 plugins.
Preloading 0 native plugins for Editor in 0.00 ms.
Initialize engine version: 2020.3.0f1 (c7b5465681fb)
[Subsystems] Discovering subsystems at path E:/Unity/Hub/Editor/2020.3.0f1/Editor/Data/Resources/UnitySubsystems
[Subsystems] Discovering subsystems at path E:/Session 5 (Automne 2021)/Jeux Videos/PFI/SomePackages(Kyle)/Assets
GfxDevice: creating device client; threaded=0
Direct3D:
    Version:  Direct3D 11.0 [level 11.1]
    Renderer: NVIDIA GeForce GTX 1070 with Max-Q Design (ID=0x1ba1)
    Vendor:   
    VRAM:     8081 MB
    Driver:   30.0.14.9676
Initialize mono
Mono path[0] = 'E:/Unity/Hub/Editor/2020.3.0f1/Editor/Data/Managed'
Mono path[1] = 'E:/Unity/Hub/Editor/2020.3.0f1/Editor/Data/MonoBleedingEdge/lib/mono/unityjit'
Mono config path = 'E:/Unity/Hub/Editor/2020.3.0f1/Editor/Data/MonoBleedingEdge/etc'
Using monoOptions --debugger-agent=transport=dt_socket,embedding=1,server=y,suspend=n,address=127.0.0.1:56984
Begin MonoManager ReloadAssembly
Registering precompiled unity dll's ...
Register platform support module: E:/Unity/Hub/Editor/2020.3.0f1/Editor/Data/PlaybackEngines/WindowsStandaloneSupport/UnityEditor.WindowsStandalone.Extensions.dll
Registered in 0.001203 seconds.
Native extension for WindowsStandalone target not found
Refreshing native plugins compatible for Editor in 26.45 ms, found 0 plugins.
Preloading 0 native plugins for Editor in 0.00 ms.
Invoked RoslynAnalysisRunner static constructor.
RoslynAnalysisRunner will not be running.
RoslynAnalysisRunner has terminated.
Mono: successfully reloaded assembly
- Completed reload, in  2.610 seconds
Platform modules already initialized, skipping
Registering precompiled user dll's ...
Registered in 0.000628 seconds.
Begin MonoManager ReloadAssembly
Native extension for WindowsStandalone target not found
Refreshing native plugins compatible for Editor in 0.23 ms, found 0 plugins.
Preloading 0 native plugins for Editor in 0.00 ms.
Invoked RoslynAnalysisRunner static constructor.
RoslynAnalysisRunner will not be running.
RoslynAnalysisRunner has terminated.
Mono: successfully reloaded assembly
- Completed reload, in  0.848 seconds
Platform modules already initialized, skipping
========================================================================
Worker process is ready to serve import requests
Launched and connected shader compiler UnityShaderCompiler.exe after 0.04 seconds
Refreshing native plugins compatible for Editor in 0.23 ms, found 0 plugins.
Preloading 0 native plugins for Editor in 0.00 ms.
Unloading 1582 Unused Serialized files (Serialized files now loaded: 0)
System memory in use before: 73.4 MB.
System memory in use after: 73.3 MB.

Unloading 10 unused Assets to reduce memory usage. Loaded Objects now: 2043.
Total: 1.853300 ms (FindLiveObjects: 0.154100 ms CreateObjectMapping: 0.055500 ms MarkObjects: 1.572300 ms  DeleteObjects: 0.070400 ms)

========================================================================
Received Import Request.
  path: Assets/ParadoxNotion/ParadoxNotion.asmdef
  artifactKey: Guid(b134867f3cd9e37428b652f97bf28b72) Importer(815301076,1909f56bfc062723c751e8b465ee728b)
Start importing Assets/ParadoxNotion/ParadoxNotion.asmdef using Guid(b134867f3cd9e37428b652f97bf28b72) Importer(815301076,1909f56bfc062723c751e8b465ee728b)  -> (artifact id: 'e32f6e4f4ece3e5435e058af23aa7c77') in 0.024999 seconds
  Import took 0.027304 seconds .

========================================================================
Received Import Request.
  Time since last request: 0.000501 seconds.
  path: Assets/ParadoxNotion
  artifactKey: Guid(a0e4c08831af8cf409e050c591032ff6) Importer(815301076,1909f56bfc062723c751e8b465ee728b)
Start importing Assets/ParadoxNotion using Guid(a0e4c08831af8cf409e050c591032ff6) Importer(815301076,1909f56bfc062723c751e8b465ee728b)  -> (artifact id: 'f8ca4ae3a19f1fbaa22d276bf8a70f23') in 0.002288 seconds
  Import took 0.004677 seconds .

========================================================================
Received Import Request.
  Time since last request: 2.594937 seconds.
  path: Assets/ParadoxNotion/NodeCanvas
  artifactKey: Guid(ea23bacb128cf2c49b9cac335109b1e0) Importer(815301076,1909f56bfc062723c751e8b465ee728b)
Start importing Assets/ParadoxNotion/NodeCanvas using Guid(ea23bacb128cf2c49b9cac335109b1e0) Importer(815301076,1909f56bfc062723c751e8b465ee728b)  -> (artifact id: 'caa0925212f6ff0449100208b67c9ba6') in 0.009471 seconds
  Import took 0.012252 seconds .

========================================================================
Received Import Request.
  Time since last request: 3.374326 seconds.
  path: Assets/ParadoxNotion/CanvasCore/GraphOwnerGizmo.png
  artifactKey: Guid(b5eeec78a0081094cb8dfeb83808d762) Importer(815301076,1909f56bfc062723c751e8b465ee728b)
Start importing Assets/ParadoxNotion/CanvasCore/GraphOwnerGizmo.png using Guid(b5eeec78a0081094cb8dfeb83808d762) Importer(815301076,1909f56bfc062723c751e8b465ee728b)  -> (artifact id: '930ead91f2c8bb8b9f78a05536555c58') in 0.045635 seconds
  Import took 0.047950 seconds .

========================================================================
Received Import Request.
  Time since last request: 0.571251 seconds.
  path: Assets/ParadoxNotion/CanvasCore/Common
  artifactKey: Guid(0aa2a0733358abb4c90587d3628d0ff9) Importer(815301076,1909f56bfc062723c751e8b465ee728b)
Start importing Assets/ParadoxNotion/CanvasCore/Common using Guid(0aa2a0733358abb4c90587d3628d0ff9) Importer(815301076,1909f56bfc062723c751e8b465ee728b)  -> (artifact id: '23ec75f1b70dfe2de55504ded943789b') in 0.006215 seconds
  Import took 0.008648 seconds .

========================================================================
Received Import Request.
  Time since last request: 0.001776 seconds.
  path: Assets/ParadoxNotion/CanvasCore/Common
  artifactKey: Guid(0aa2a0733358abb4c90587d3628d0ff9) Importer(815301076,1909f56bfc062723c751e8b465ee728b)
Start importing Assets/ParadoxNotion/CanvasCore/Common using Guid(0aa2a0733358abb4c90587d3628d0ff9) Importer(815301076,1909f56bfc062723c751e8b465ee728b)  -> (artifact id: '23ec75f1b70dfe2de55504ded943789b') in 0.001599 seconds
  Import took 0.004461 seconds .

========================================================================
Received Import Request.
  Time since last request: 1.116864 seconds.
  path: Assets/ParadoxNotion/CanvasCore/Common/Runtime
  artifactKey: Guid(98ed1f24cba738b4baad5b19eb93f767) Importer(815301076,1909f56bfc062723c751e8b465ee728b)
Start importing Assets/ParadoxNotion/CanvasCore/Common/Runtime using Guid(98ed1f24cba738b4baad5b19eb93f767) Importer(815301076,1909f56bfc062723c751e8b465ee728b)  -> (artifact id: 'abe0c3ca5dee67488edbf244367c319f') in 0.005985 seconds
  Import took 0.009325 seconds .

========================================================================
Received Import Request.
  Time since last request: 0.000812 seconds.
  path: Assets/ParadoxNotion/CanvasCore/Common/Runtime
  artifactKey: Guid(98ed1f24cba738b4baad5b19eb93f767) Importer(815301076,1909f56bfc062723c751e8b465ee728b)
Start importing Assets/ParadoxNotion/CanvasCore/Common/Runtime using Guid(98ed1f24cba738b4baad5b19eb93f767) Importer(815301076,1909f56bfc062723c751e8b465ee728b)  -> (artifact id: 'abe0c3ca5dee67488edbf244367c319f') in 0.001802 seconds
  Import took 0.004431 seconds .

========================================================================
Received Import Request.
  Time since last request: 9.944623 seconds.
  path: Assets/ParadoxNotion/NodeCanvas/!ReadMe!.txt
  artifactKey: Guid(d97ccf67be34d494898653ce46bfcf0a) Importer(815301076,1909f56bfc062723c751e8b465ee728b)
Start importing Assets/ParadoxNotion/NodeCanvas/!ReadMe!.txt using Guid(d97ccf67be34d494898653ce46bfcf0a) Importer(815301076,1909f56bfc062723c751e8b465ee728b)  -> (artifact id: '6a9edeb87c1176ba45b358d7d19ab06e') in 0.013547 seconds
  Import took 0.015925 seconds .

========================================================================
Received Import Request.
  Time since last request: 0.021733 seconds.
  path: Assets/ParadoxNotion/NodeCanvas/!ReadMe!.txt
  artifactKey: Guid(d97ccf67be34d494898653ce46bfcf0a) Importer(815301076,1909f56bfc062723c751e8b465ee728b)
Start importing Assets/ParadoxNotion/NodeCanvas/!ReadMe!.txt using Guid(d97ccf67be34d494898653ce46bfcf0a) Importer(815301076,1909f56bfc062723c751e8b465ee728b)  -> (artifact id: '6a9edeb87c1176ba45b358d7d19ab06e') in 0.002245 seconds
  Import took 0.004664 seconds .

AssetImportWorkerClient::OnTransportError - code=2 error=End of file
